<?xml version="1.0" encoding="UTF-8"?>
<!-- Generated by org.testng.reporters.JUnitReportReporter -->
<testsuite hostname="LAPTOP-C53MS9H4" name="runners.PositiveTest" tests="2" failures="0" timestamp="23 Apr 2020 15:44:13 GMT" time="67.026" errors="0">
  <testcase name="feature" time="46.277" classname="runners.PositiveTest"/>
  <testcase name="feature" time="20.749" classname="runners.PositiveTest"/>
</testsuite> <!-- runners.PositiveTest -->
